
Java Environment:
  Operating System: Windows 10
  Java Version: 1.8.0_171

Server Software: Paper
  Build: git-Paper-211 (MC: 1.15.2)
  Minecraft: 1.15.2-R0.1-SNAPSHOT

Slimefun Environment:
  CS-CoreLib vDEV - 85 (git 4a7fce52)
  Slimefun v4.3-UNOFFICIAL
  Caused by: Barrels vDEV - 11 (git abecba9c)

Installed Addons (14)
  + HotbarPets UNOFFICIAL
  + ExoticGarden UNOFFICIAL
  + Barrels DEV - 11 (git abecba9c)
  + SoulJars DEV - 16 (git 36dce719)
  + ExtraTools 1.1
  + SlimefunOreChunks DEV - 8 (git 41e31ffc)
  + ExtraGear 1.0.0
  + ClayTech 1.1.8
  + ExtraHeads DEV - 14 (git 596a0822)
  + SlimyTreeTaps DEV - 11 (git b64db511)
  + PrivateStorage 1.3.0
  + ColoredEnderChests UNOFFICIAL
  + TranscEndence 1.1.4
  + DyedBackpacks DEV - 5 (git 129670c7)

Installed Plugins (28):
  + PlaceholderAPI 2.10.5
  + IALibs 1.0
  + ArmorEquipEvent 1.7.2
  + PeterUtil 1.0.2
  + ProtocolLib 4.5.0
  + CS-CoreLib DEV - 85 (git 4a7fce52)
  + LightAPI 3.4.2
  + ScoreBoard 1.1
  + LevelSystem 1.0
  + AuthMe 5.6.0-SNAPSHOT-b2388
  + ItemsAdder 2.0.22
  + EmeraldEnchants DEV - 7 (git 3cd370b5)
  + PeterHelper 1.2.0
  + Slimefun 4.3-UNOFFICIAL
  + HotbarPets UNOFFICIAL
  + ExoticGarden UNOFFICIAL
  + Barrels DEV - 11 (git abecba9c)
  + SoulJars DEV - 16 (git 36dce719)
  + ExtraTools 1.1
  + SlimefunOreChunks DEV - 8 (git 41e31ffc)
  + ExtraGear 1.0.0
  + ClayTech 1.1.8
  + ExtraHeads DEV - 14 (git 596a0822)
  + SlimyTreeTaps DEV - 11 (git b64db511)
  + PrivateStorage 1.3.0
  + ColoredEnderChests UNOFFICIAL
  + TranscEndence 1.1.4
  + DyedBackpacks DEV - 5 (git 129670c7)

Block Info:
  World: world
  X: -198
  Y: 69
  Z: 250
  Material: OAK_LOG
  Block Data: org.bukkit.craftbukkit.v1_15_R1.block.impl.CraftLogAbstract
  State: org.bukkit.craftbukkit.v1_15_R1.block.CraftBlockState

Ticker-Info:
  Type: Synchronized

Slimefun Data:
  ID: BARREL_SMALL
  Inventory: true
  Data: {"owner":"9754b8e3-52ad-3c33-b44a-a5ed356ad6f2","storedItems":"0","id":"BARREL_SMALL","whitelist":" ","capacity":"4096"}

Stacktrace:

java.lang.NullPointerException
	at me.mrCookieSlime.Slimefun.api.inventory.DirtyChestMenu.<init>(DirtyChestMenu.java:22)
	at me.mrCookieSlime.Slimefun.api.inventory.BlockMenu.<init>(BlockMenu.java:21)
	at me.mrCookieSlime.Slimefun.api.BlockStorage.loadInventory(BlockStorage.java:639)
	at me.mrCookieSlime.Slimefun.api.BlockStorage.getInventory(BlockStorage.java:700)
	at me.mrCookieSlime.Slimefun.api.BlockStorage.getInventory(BlockStorage.java:685)
	at me.john000708.barrels.block.Barrel.updateBarrel(Barrel.java:188)
	at me.john000708.barrels.block.Barrel.access$300(Barrel.java:37)
	at me.john000708.barrels.block.Barrel$1.lambda$newInstance$0(Barrel.java:64)
	at me.mrCookieSlime.Slimefun.api.inventory.DirtyChestMenu.replaceExistingItem(DirtyChestMenu.java:117)
	at me.mrCookieSlime.Slimefun.api.inventory.DirtyChestMenu.replaceExistingItem(DirtyChestMenu.java:111)
	at me.john000708.barrels.block.Barrel.pushItems(Barrel.java:350)
	at me.john000708.barrels.block.Barrel.updateBarrel(Barrel.java:271)
	at me.john000708.barrels.block.Barrel.access$300(Barrel.java:37)
	at me.john000708.barrels.block.Barrel$2.tick(Barrel.java:120)
	at io.github.thebusybiscuit.slimefun4.implementation.tasks.TickerTask.lambda$run$0(TickerTask.java:114)
	at org.bukkit.craftbukkit.v1_15_R1.scheduler.CraftTask.run(CraftTask.java:84)
	at org.bukkit.craftbukkit.v1_15_R1.scheduler.CraftScheduler.mainThreadHeartbeat(CraftScheduler.java:452)
	at net.minecraft.server.v1_15_R1.MinecraftServer.b(MinecraftServer.java:1233)
	at net.minecraft.server.v1_15_R1.DedicatedServer.b(DedicatedServer.java:430)
	at net.minecraft.server.v1_15_R1.MinecraftServer.a(MinecraftServer.java:1151)
	at net.minecraft.server.v1_15_R1.MinecraftServer.run(MinecraftServer.java:946)
	at java.lang.Thread.run(Unknown Source)
